[2018-05-16 15:16:00.215 GMT     1	INFO   	100404	Silo	127.0.0.1:22222]	Silo starting with GC settings: ServerGC=False GCLatencyMode=Interactive	
[2018-05-16 15:16:00.220 GMT     1	WARNING	100405	Silo	127.0.0.1:22222]	Note: Silo not running with ServerGC turned on or with GCLatencyMode.Batch enabled - recommend checking app config : <configuration>-<runtime>-<gcServer enabled="true"> and <configuration>-<runtime>-<gcConcurrent enabled="false"/>	
[2018-05-16 15:16:00.221 GMT     1	WARNING	100405	Silo	127.0.0.1:22222]	Note: ServerGC only kicks in on multi-core systems (settings enabling ServerGC have no effect on single-core machines).	
[2018-05-16 15:16:00.222 GMT     1	INFO   	100403	Silo	127.0.0.1:22222]	-------------- Initializing Primary silo on host LAPTOP-R9P4JODR MachineName LAPTOP-R9P4JODR at 127.0.0.1:22222, gen 264179760 --------------	
[2018-05-16 15:16:00.254 GMT     1	INFO   	100415	Silo	127.0.0.1:22222]	Starting silo Default with the following configuration= 
Config File Name: G:\新建文件夹\Authoritymanager\HOST\bin\Debug\OrleansConfiguration.xml
Host: LAPTOP-R9P4JODR
Start time: 2018-05-16 15:16:00.224 GMT
Primary node: 127.0.0.1:22222
Platform version info:
   Orleans version: 1.4.0.0 (Release).
   .NET version: 4.0.30319.42000
   Is .NET 4.5=True
   OS version: Microsoft Windows NT 6.2.9200.0
   GC Type=Client GCLatencyMode=Interactive
Global configuration:
   System Ids:
      ServiceId: 00000000-0000-0000-0000-000000000000
      DeploymentId: 
   Subnet: 
   Seed nodes: 127.0.0.1:22222
   Messaging:
       Response timeout: 00:00:30
       Maximum resend count: 0
       Resend On Timeout: False
       Maximum Socket Age: 10675199.02:48:05.4775807
       Drop Expired Messages: True
       Silo Sender queues: 4
       Gateway Sender queues: 4
       Client Drop Timeout: 00:01:00
       Buffer Pool Buffer Size: 4096
       Buffer Pool Max Size: 10000
       Buffer Pool Preallocation Size: 250
       Maximum forward count: 2
       Fallback serializer: 
   Liveness:
      LivenessEnabled: True
      LivenessType: MembershipTableGrain
      ProbeTimeout: 00:00:10
      TableRefreshTimeout: 00:01:00
      DeathVoteExpirationTimeout: 00:02:00
      NumMissedProbesLimit: 3
      NumProbedSilos: 3
      NumVotesForDeathDeclaration: 2
      UseLivenessGossip: True
      ValidateInitialConnectivity: True
      IAmAliveTablePublishTimeout: 00:05:00
      NumMissedTableIAmAliveLimit: 2
      MaxJoinAttemptTime: 00:05:00
      ExpectedClusterSize: 20
   MultiClusterNetwork: N/A
   SystemStore:
      SystemStore ConnectionString: null
      Reminders ConnectionString: null
   Application:
      Defaults:
         Deactivate if idle for: 02:00:00

   PlacementStrategy: 
         Default Placement Strategy: RandomPlacement
         Deployment Load Publisher Refresh Time: 00:00:01
         Activation CountBased Placement Choose Out Of: 2
   Grain directory cache:
      Maximum size: 1000000 grains
      Initial TTL: 00:00:30
      Maximum TTL: 00:04:00
      TTL extension factor: 2.00
      Directory Caching Strategy: Adaptive
   Grain directory:
      Lazy deregistration delay: 00:01:00
      Client registration refresh: 00:05:00
   Reminder Service:
       ReminderServiceType: ReminderTableGrain
   Consistent Ring:
       Use Virtual Buckets Consistent Ring: True
       Num Virtual Buckets Consistent Ring: 30
   Providers:
       StorageProviders:
           Name=MemoryStore, Type=Orleans.Storage.MemoryStorage, Properties=[]
           Name=Default, Type=Orleans.Storage.MemoryStorage, Properties=[]

Silo configuration:
   Silo Name: Default
   Generation: 264179760
   Host Name or IP Address: localhost
   DNS Host Name: LAPTOP-R9P4JODR
   Port: 22222
   Subnet: 
   Preferred Address Family: InterNetwork
   Proxy Gateway: 127.0.0.1:40000
   IsPrimaryNode: True
   Scheduler: 
         Max Active Threads: 4
         Processor Count: 4
         Delay Warning Threshold: 00:00:10
         Activation Scheduling Quantum: 00:00:00.1000000
         Turn Warning Length Threshold: 00:00:00.2000000
         Inject More Worker Threads: False
         MinDotNetThreadPoolSize: 200
         .NET thread pool sizes - Min: Worker Threads=4 Completion Port Threads=4
         .NET thread pool sizes - Max: Worker Threads=2047 Completion Port Threads=1000
         .NET ServicePointManager - DefaultConnectionLimit=200 Expect100Continue=False UseNagleAlgorithm=False
   Load Shedding Enabled: False
   Load Shedding Limit: 95
   SiloShutdownEventName: 
   Debug: 
   Tracing: 
     Default Trace Level: Info
     TraceLevelOverrides:
         Application ==> Info
     Trace to Console: True
     Trace File Name: G:\新建文件夹\Authoritymanager\HOST\bin\Debug\Default-2018-05-16-15.15.59.954Z.log
     LargeMessageWarningThreshold: 85000
     PropagateActivityId: False
     BulkMessageLimit: 1000
   Statistics: 
     MetricsTableWriteInterval: 00:00:30
     PerfCounterWriteInterval: 00:00:30
     LogWriteInterval: 00:05:00
     WriteLogStatisticsToTable: True
     StatisticsCollectionLevel: Info

	
[2018-05-16 15:16:02.035 GMT     1	WARNING	103801	CodeGenerator	127.0.0.1:22222]	Exception generating code for input assemblies:
HOST, Version=1.0.0.0, Culture=neutral, PublicKeyToken=null
Mangaer.Contract, Version=1.0.0.0, Culture=neutral, PublicKeyToken=null
Manager.Implement, Version=1.0.0.0, Culture=neutral, PublicKeyToken=null
Exception: 
Exc level 0: System.Reflection.AmbiguousMatchException: 发现不明确的匹配。
   在 System.RuntimeType.GetPropertyImpl(String name, BindingFlags bindingAttr, Binder binder, Type returnType, Type[] types, ParameterModifier[] modifiers)
   在 System.Type.GetProperty(String name, BindingFlags bindingAttr)
   在 Orleans.CodeGenerator.SerializerGenerator.FieldInfoMember.get_PropertyInfo()
   在 Orleans.CodeGenerator.SerializerGenerator.FieldInfoMember.get_IsGettableProperty()
   在 Orleans.CodeGenerator.SerializerGenerator.GenerateStaticFields(List`1 fields)
   在 Orleans.CodeGenerator.SerializerGenerator.GenerateClass(Type type, Action`1 onEncounteredType)
   在 Orleans.CodeGenerator.RoslynCodeGenerator.GenerateForAssemblies(List`1 assemblies, Boolean runtime)
   在 Orleans.CodeGenerator.RoslynCodeGenerator.GenerateAndLoadForAssemblies(Assembly[] inputs)	
Exc level 0: System.Reflection.AmbiguousMatchException: 发现不明确的匹配。
   在 System.RuntimeType.GetPropertyImpl(String name, BindingFlags bindingAttr, Binder binder, Type returnType, Type[] types, ParameterModifier[] modifiers)
   在 System.Type.GetProperty(String name, BindingFlags bindingAttr)
   在 Orleans.CodeGenerator.SerializerGenerator.FieldInfoMember.get_PropertyInfo()
   在 Orleans.CodeGenerator.SerializerGenerator.FieldInfoMember.get_IsGettableProperty()
   在 Orleans.CodeGenerator.SerializerGenerator.GenerateStaticFields(List`1 fields)
   在 Orleans.CodeGenerator.SerializerGenerator.GenerateClass(Type type, Action`1 onEncounteredType)
   在 Orleans.CodeGenerator.RoslynCodeGenerator.GenerateForAssemblies(List`1 assemblies, Boolean runtime)
   在 Orleans.CodeGenerator.RoslynCodeGenerator.GenerateAndLoadForAssemblies(Assembly[] inputs)
[2018-05-16 15:16:02.052 GMT     1	ERROR  	100105	OrleansSiloHost	127.0.0.1:22222]	!!!!!!!!!! ERROR starting Orleans silo name=Default Exception=
Exc level 0: System.Reflection.AmbiguousMatchException: 发现不明确的匹配。
   在 System.RuntimeType.GetPropertyImpl(String name, BindingFlags bindingAttr, Binder binder, Type returnType, Type[] types, ParameterModifier[] modifiers)
   在 System.Type.GetProperty(String name, BindingFlags bindingAttr)
   在 Orleans.CodeGenerator.SerializerGenerator.FieldInfoMember.get_PropertyInfo()
   在 Orleans.CodeGenerator.SerializerGenerator.FieldInfoMember.get_IsGettableProperty()
   在 Orleans.CodeGenerator.SerializerGenerator.GenerateStaticFields(List`1 fields)
   在 Orleans.CodeGenerator.SerializerGenerator.GenerateClass(Type type, Action`1 onEncounteredType)
   在 Orleans.CodeGenerator.RoslynCodeGenerator.GenerateForAssemblies(List`1 assemblies, Boolean runtime)
   在 Orleans.CodeGenerator.RoslynCodeGenerator.GenerateAndLoadForAssemblies(Assembly[] inputs)
   在 Orleans.CodeGeneration.CodeGeneratorManager.GenerateAndLoadForAssemblies(Assembly[] inputs)
   在 Orleans.Runtime.AssemblyProcessor.Initialize()
   在 Orleans.Runtime.Silo..ctor(SiloInitializationParameters initializationParams)
   在 Orleans.Runtime.Host.SiloHost.InitializeOrleansSilo()	
Exc level 0: System.Reflection.AmbiguousMatchException: 发现不明确的匹配。
   在 System.RuntimeType.GetPropertyImpl(String name, BindingFlags bindingAttr, Binder binder, Type returnType, Type[] types, ParameterModifier[] modifiers)
   在 System.Type.GetProperty(String name, BindingFlags bindingAttr)
   在 Orleans.CodeGenerator.SerializerGenerator.FieldInfoMember.get_PropertyInfo()
   在 Orleans.CodeGenerator.SerializerGenerator.FieldInfoMember.get_IsGettableProperty()
   在 Orleans.CodeGenerator.SerializerGenerator.GenerateStaticFields(List`1 fields)
   在 Orleans.CodeGenerator.SerializerGenerator.GenerateClass(Type type, Action`1 onEncounteredType)
   在 Orleans.CodeGenerator.RoslynCodeGenerator.GenerateForAssemblies(List`1 assemblies, Boolean runtime)
   在 Orleans.CodeGenerator.RoslynCodeGenerator.GenerateAndLoadForAssemblies(Assembly[] inputs)
   在 Orleans.CodeGeneration.CodeGeneratorManager.GenerateAndLoadForAssemblies(Assembly[] inputs)
   在 Orleans.Runtime.AssemblyProcessor.Initialize()
   在 Orleans.Runtime.Silo..ctor(SiloInitializationParameters initializationParams)
   在 Orleans.Runtime.Host.SiloHost.InitializeOrleansSilo()
[2018-05-16 15:16:02.070 GMT     1	ERROR  	100105	OrleansSiloHost	127.0.0.1:22222]	!!!!!!!!!! ERROR starting Orleans silo name=Default Exception=
Exc level 0: System.InvalidOperationException: Cannot start silo Default due to prior initialization error
   在 Orleans.Runtime.Host.SiloHost.StartOrleansSilo(Boolean catchExceptions)	
Exc level 0: System.InvalidOperationException: Cannot start silo Default due to prior initialization error
   在 Orleans.Runtime.Host.SiloHost.StartOrleansSilo(Boolean catchExceptions)
[2018-05-16 15:16:02.176 GMT     1	ERROR  	100105	OrleansSiloHost	127.0.0.1:22222]	!!!!!!!!!! ERROR starting Orleans silo name=Default Exception=
Exc level 0: System.SystemException: Failed to start Orleans silo 'Default' as a Primary node.
   在 HOST.OrleansHostWrapper.get_Run() 位置 G:\新建文件夹\Authoritymanager\HOST\OrleansHostWrapper.cs:行号 142	
Exc level 0: System.SystemException: Failed to start Orleans silo 'Default' as a Primary node.
   在 HOST.OrleansHostWrapper.get_Run() 位置 G:\新建文件夹\Authoritymanager\HOST\OrleansHostWrapper.cs:行号 142
